<?xml version="1.0" encoding="UTF-8"?>
<robot generator="Robot 6.1.1 (Python 3.11.5 on darwin)" generated="20230903 00:57:22.608" rpa="false" schemaversion="4">
<suite id="s1" name="Resource" source="/Users/tamiresrodrigues/Desktop/ProjectNew/Resource">
<suite id="s1-s1" name="Web" source="/Users/tamiresrodrigues/Desktop/ProjectNew/Resource/web">
<suite id="s1-s1-s1" name="openHome" source="/Users/tamiresrodrigues/Desktop/ProjectNew/Resource/web/openHome.robot">
<test id="s1-s1-s1-t1" name="CT 01 - Acesso ao menu &quot;Eletronicos&quot;" line="11">
<kw name="Abrir o navegador" library="amazon_resource" type="SETUP">
<kw name="Open Browser" library="SeleniumLibrary">
<arg>browser=chrome</arg>
<doc>Opens a new browser instance to the optional ``url``.</doc>
<msg timestamp="20230903 00:57:22.698" level="INFO">Opening browser 'chrome' to base url 'None'.</msg>
<status status="PASS" starttime="20230903 00:57:22.698" endtime="20230903 00:57:24.461"/>
</kw>
<kw name="Maximize Browser Window" library="SeleniumLibrary">
<doc>Maximizes current browser window.</doc>
<status status="PASS" starttime="20230903 00:57:24.462" endtime="20230903 00:57:24.869"/>
</kw>
<status status="PASS" starttime="20230903 00:57:22.698" endtime="20230903 00:57:24.869"/>
</kw>
<kw name="Acessar a home page do site Amazon.com.br" library="amazon_resource">
<kw name="Go To" library="SeleniumLibrary">
<arg>${URL}</arg>
<doc>Navigates the current browser window to the provided ``url``.</doc>
<msg timestamp="20230903 00:57:24.869" level="INFO">Opening url 'https://www.amazon.com.br/ref=nav_logo'</msg>
<status status="PASS" starttime="20230903 00:57:24.869" endtime="20230903 00:57:34.239"/>
</kw>
<kw name="Wait Until Page Contains Element" library="SeleniumLibrary">
<arg>${logo}</arg>
<doc>Waits until the element ``locator`` appears on the current page.</doc>
<status status="PASS" starttime="20230903 00:57:34.239" endtime="20230903 00:57:34.268"/>
</kw>
<status status="PASS" starttime="20230903 00:57:24.869" endtime="20230903 00:57:34.268"/>
</kw>
<kw name="Entrar no menu &quot;Eletrônicos&quot;" library="amazon_resource">
<kw name="Click Element" library="SeleniumLibrary">
<arg>${ELETRONICO}</arg>
<doc>Click the element identified by ``locator``.</doc>
<msg timestamp="20230903 00:57:34.269" level="INFO">Clicking element '//*[@id="nav-xshop"]/a[9]'.</msg>
<status status="PASS" starttime="20230903 00:57:34.268" endtime="20230903 00:57:35.155"/>
</kw>
<kw name="Wait Until Page Contains" library="SeleniumLibrary">
<arg>Eletrônicos e Tecnologia</arg>
<doc>Waits until ``text`` appears on the current page.</doc>
<status status="PASS" starttime="20230903 00:57:35.155" endtime="20230903 00:57:35.376"/>
</kw>
<status status="PASS" starttime="20230903 00:57:34.268" endtime="20230903 00:57:35.376"/>
</kw>
<kw name="Verificar se o título da página fica &quot;Eletrônicos e Tecnologia Amazon.com.br&quot;" library="amazon_resource">
<kw name="Title Should Be" library="SeleniumLibrary">
<arg>Eletrônicos e Tecnologia | Amazon.com.br</arg>
<doc>Verifies that the current page title equals ``title``.</doc>
<msg timestamp="20230903 00:57:35.419" level="INFO">Page title is 'Eletrônicos e Tecnologia | Amazon.com.br'.</msg>
<status status="PASS" starttime="20230903 00:57:35.377" endtime="20230903 00:57:35.419"/>
</kw>
<status status="PASS" starttime="20230903 00:57:35.377" endtime="20230903 00:57:35.420"/>
</kw>
<kw name="Fechar o navegador" library="amazon_resource" type="TEARDOWN">
<kw name="Close Browser" library="SeleniumLibrary">
<doc>Closes the current browser.</doc>
<status status="PASS" starttime="20230903 00:57:35.420" endtime="20230903 00:57:35.600"/>
</kw>
<status status="PASS" starttime="20230903 00:57:35.420" endtime="20230903 00:57:35.600"/>
</kw>
<doc>Esse teste verifica o menu eletronicos do site da Amazon.com.br
e verifica a categoria Computadores e Informática</doc>
<tag>categorias</tag>
<tag>menus</tag>
<status status="PASS" starttime="20230903 00:57:22.697" endtime="20230903 00:57:35.600"/>
</test>
<doc>Essa suite teste o site da amazon.com.br</doc>
<status status="PASS" starttime="20230903 00:57:22.621" endtime="20230903 00:57:35.601"/>
</suite>
<status status="PASS" starttime="20230903 00:57:22.620" endtime="20230903 00:57:35.602"/>
</suite>
<status status="PASS" starttime="20230903 00:57:22.608" endtime="20230903 00:57:35.602"/>
</suite>
<statistics>
<total>
<stat pass="1" fail="0" skip="0">All Tests</stat>
</total>
<tag>
<stat pass="1" fail="0" skip="0">categorias</stat>
<stat pass="1" fail="0" skip="0">menus</stat>
</tag>
<suite>
<stat pass="1" fail="0" skip="0" id="s1" name="Resource">Resource</stat>
<stat pass="1" fail="0" skip="0" id="s1-s1" name="Web">Resource.Web</stat>
<stat pass="1" fail="0" skip="0" id="s1-s1-s1" name="openHome">Resource.Web.openHome</stat>
</suite>
</statistics>
<errors>
</errors>
</robot>
