<?xml version="1.0" encoding="UTF-8"?>
<robot generator="Robot 6.1.1 (Python 3.11.5 on darwin)" generated="20231015 16:42:48.664" rpa="false" schemaversion="4">
<suite id="s1" name="openHome" source="/Users/tamiresrodrigues/Desktop/automacao_RobotFramework/features/resources/tests/openHome.robot">
<test id="s1-t1" name="CT04 - fazer login invalido site amazon" line="43">
<kw name="Abrir o navegador" library="amazon" type="SETUP">
<kw name="Open Browser" library="SeleniumLibrary">
<arg>browser=chrome</arg>
<doc>Opens a new browser instance to the optional ``url``.</doc>
<msg timestamp="20231015 16:42:48.763" level="INFO">Opening browser 'chrome' to base url 'None'.</msg>
<status status="PASS" starttime="20231015 16:42:48.763" endtime="20231015 16:42:50.172"/>
</kw>
<kw name="Maximize Browser Window" library="SeleniumLibrary">
<doc>Maximizes current browser window.</doc>
<status status="PASS" starttime="20231015 16:42:50.172" endtime="20231015 16:42:50.575"/>
</kw>
<status status="PASS" starttime="20231015 16:42:48.762" endtime="20231015 16:42:50.575"/>
</kw>
<kw name="Acessar a home page do site Amazon.com.br" library="amazon">
<kw name="Go To" library="SeleniumLibrary">
<arg>${URL}</arg>
<doc>Navigates the current browser window to the provided ``url``.</doc>
<msg timestamp="20231015 16:42:50.576" level="INFO">Opening url 'https://www.amazon.com.br/ref=nav_logo'</msg>
<status status="PASS" starttime="20231015 16:42:50.576" endtime="20231015 16:42:53.020"/>
</kw>
<kw name="Wait Until Page Contains Element" library="SeleniumLibrary">
<arg>${logo}</arg>
<doc>Waits until the element ``locator`` appears on the current page.</doc>
<status status="PASS" starttime="20231015 16:42:53.020" endtime="20231015 16:42:53.063"/>
</kw>
<status status="PASS" starttime="20231015 16:42:50.576" endtime="20231015 16:42:53.063"/>
</kw>
<kw name="Clica no elemento com texto" library="generics">
<arg>${LOGIN}</arg>
<kw name="Click Element" library="SeleniumLibrary">
<arg>${ELEMENT}</arg>
<doc>Click the element identified by ``locator``.</doc>
<msg timestamp="20231015 16:42:53.065" level="INFO">Clicking element 'id:nav-tools'.</msg>
<status status="PASS" starttime="20231015 16:42:53.064" endtime="20231015 16:42:53.870"/>
</kw>
<status status="PASS" starttime="20231015 16:42:53.063" endtime="20231015 16:42:53.870"/>
</kw>
<kw name="Aguarde elemento mostrar em tela" library="generics">
<arg>Fazer login</arg>
<kw name="Wait Until Page Contains" library="SeleniumLibrary">
<arg>${TEXT}</arg>
<doc>Waits until ``text`` appears on the current page.</doc>
<status status="PASS" starttime="20231015 16:42:53.870" endtime="20231015 16:42:53.883"/>
</kw>
<status status="PASS" starttime="20231015 16:42:53.870" endtime="20231015 16:42:53.883"/>
</kw>
<kw name="Digite seu email" library="generics">
<kw name="Input Text" library="SeleniumLibrary">
<arg>${INPUT_EMAIL}</arg>
<arg>teste@teste.com</arg>
<doc>Types the given ``text`` into the text field identified by ``locator``.</doc>
<msg timestamp="20231015 16:42:53.884" level="INFO">Typing text 'teste@teste.com' into text field 'id:ap_email'.</msg>
<status status="PASS" starttime="20231015 16:42:53.884" endtime="20231015 16:42:54.039"/>
</kw>
<kw name="Click Button" library="SeleniumLibrary">
<arg>${BOTAO_CONTINUAR}</arg>
<doc>Clicks the button identified by ``locator``.</doc>
<msg timestamp="20231015 16:42:54.040" level="INFO">Clicking button 'id:continue'.</msg>
<status status="PASS" starttime="20231015 16:42:54.039" endtime="20231015 16:42:54.955"/>
</kw>
<status status="PASS" starttime="20231015 16:42:53.884" endtime="20231015 16:42:54.955"/>
</kw>
<kw name="Digite sua senha" library="generics">
<kw name="Input Password" library="SeleniumLibrary">
<arg>${INPUT_PASSWORD}</arg>
<arg>1234</arg>
<doc>Types the given password into the text field identified by ``locator``.</doc>
<msg timestamp="20231015 16:42:54.956" level="INFO">Typing password into text field 'id:ap_password'.</msg>
<msg timestamp="20231015 16:42:54.980" level="INFO">Temporally setting log level to: NONE</msg>
<msg timestamp="20231015 16:42:54.998" level="INFO">Log level changed from NONE to INFO.</msg>
<status status="PASS" starttime="20231015 16:42:54.956" endtime="20231015 16:42:54.998"/>
</kw>
<kw name="Click Button" library="SeleniumLibrary">
<arg>${FAZER_LOGIN}</arg>
<doc>Clicks the button identified by ``locator``.</doc>
<msg timestamp="20231015 16:42:54.999" level="INFO">Clicking button 'id:signInSubmit'.</msg>
<status status="PASS" starttime="20231015 16:42:54.999" endtime="20231015 16:42:55.045"/>
</kw>
<kw name="Sleep" library="BuiltIn">
<arg>5</arg>
<doc>Pauses the test executed for the given time.</doc>
<msg timestamp="20231015 16:43:00.047" level="INFO">Slept 5 seconds</msg>
<status status="PASS" starttime="20231015 16:42:55.046" endtime="20231015 16:43:00.047"/>
</kw>
<status status="PASS" starttime="20231015 16:42:54.955" endtime="20231015 16:43:00.048"/>
</kw>
<kw name="Deve apresentar mensagem de senha invalido" library="generics">
<arg>"Sua senha está incorreta"</arg>
<kw name="Should Be String" library="String">
<arg>${SENHA_INVALIDA}</arg>
<doc>Fails if the given ``item`` is not a string.</doc>
<status status="PASS" starttime="20231015 16:43:00.051" endtime="20231015 16:43:00.052"/>
</kw>
<status status="PASS" starttime="20231015 16:43:00.049" endtime="20231015 16:43:00.052"/>
</kw>
<kw name="Fechar o navegador" library="amazon" type="TEARDOWN">
<kw name="Close Browser" library="SeleniumLibrary">
<doc>Closes the current browser.</doc>
<status status="PASS" starttime="20231015 16:43:00.053" endtime="20231015 16:43:00.194"/>
</kw>
<status status="PASS" starttime="20231015 16:43:00.053" endtime="20231015 16:43:00.194"/>
</kw>
<tag>login_invalido</tag>
<status status="PASS" starttime="20231015 16:42:48.762" endtime="20231015 16:43:00.195"/>
</test>
<doc>Essa suite teste o site da amazon.com.br</doc>
<status status="PASS" starttime="20231015 16:42:48.667" endtime="20231015 16:43:00.195"/>
</suite>
<statistics>
<total>
<stat pass="1" fail="0" skip="0">All Tests</stat>
</total>
<tag>
<stat pass="1" fail="0" skip="0">login_invalido</stat>
</tag>
<suite>
<stat pass="1" fail="0" skip="0" id="s1" name="openHome">openHome</stat>
</suite>
</statistics>
<errors>
</errors>
</robot>
